<?xml version="1.0" encoding="UTF-8"?>
<!-- Generated by org.testng.reporters.JUnitXMLReporter -->
<testsuite ignored="4" hostname="DESKTOP-7L49SOM" failures="0" tests="3" name="Default test" time="28.757" errors="0" timestamp="2021-10-14T14:44:53 EDT">
  <testcase classname="com.crm.qa.testcases.ContactsPageTest" name="verifyNewContact" time="2.32"/>
  <testcase classname="com.crm.qa.testcases.ContactsPageTest" name="verifyNewContact" time="2.291"/>
  <testcase classname="com.crm.qa.testcases.ContactsPageTest" name="verifyNewContact" time="2.27"/>
  <testcase classname="com.crm.qa.testcases.ContactsPageTest" name="verifyContactsTableTest" time="0.0">
    <ignored/>
  </testcase> <!-- verifyContactsTableTest -->
  <testcase classname="com.crm.qa.testcases.ContactsPageTest" name="selectMultipleContactTest" time="0.0">
    <ignored/>
  </testcase> <!-- selectMultipleContactTest -->
  <testcase classname="com.crm.qa.testcases.ContactsPageTest" name="selectSingleContactTest" time="0.0">
    <ignored/>
  </testcase> <!-- selectSingleContactTest -->
  <testcase classname="com.crm.qa.testcases.ContactsPageTest" name="verifyAdvancedSearchTest" time="0.0">
    <ignored/>
  </testcase> <!-- verifyAdvancedSearchTest -->
</testsuite> <!-- Default test -->
