<?xml version="1.0" encoding="UTF-8"?>
<testng-results ignored="0" total="1" passed="1" failed="0" skipped="0">
  <reporter-output>
  </reporter-output>
  <suite started-at="2021-11-12T01:24:34 EST" name="Default suite" finished-at="2021-11-12T01:24:45 EST" duration-ms="10504">
    <groups>
    </groups>
    <test started-at="2021-11-12T01:24:34 EST" name="Default test" finished-at="2021-11-12T01:24:45 EST" duration-ms="10504">
      <class name="com.crm.qa.testcases.DealsPageTest">
        <test-method is-config="true" signature="setUp()[pri:0, instance:com.crm.qa.testcases.DealsPageTest@5a56cdac]" started-at="2021-11-12T01:24:35 EST" name="setUp" finished-at="2021-11-12T01:24:41 EST" duration-ms="6656" status="PASS">
          <reporter-output>
          </reporter-output>
        </test-method> <!-- setUp -->
        <test-method signature="verifyNewDealsCreated(java.lang.String)[pri:0, instance:com.crm.qa.testcases.DealsPageTest@5a56cdac]" started-at="2021-11-12T01:24:41 EST" name="verifyNewDealsCreated" data-provider="getCRMTestData" finished-at="2021-11-12T01:24:44 EST" duration-ms="2725" status="PASS">
          <params>
            <param index="0">
              <value>
                <![CDATA[abcd]]>
              </value>
            </param>
          </params>
          <reporter-output>
          </reporter-output>
        </test-method> <!-- verifyNewDealsCreated -->
        <test-method is-config="true" signature="tearDown()[pri:0, instance:com.crm.qa.testcases.DealsPageTest@5a56cdac]" started-at="2021-11-12T01:24:44 EST" name="tearDown" finished-at="2021-11-12T01:24:45 EST" duration-ms="634" status="PASS">
          <reporter-output>
          </reporter-output>
        </test-method> <!-- tearDown -->
      </class> <!-- com.crm.qa.testcases.DealsPageTest -->
    </test> <!-- Default test -->
  </suite> <!-- Default suite -->
</testng-results>
